----------------------------------------------------------------
Mon Feb 27 08:44:06 CET 2017:
Booting Derby version The Apache Software Foundation - Apache Derby - 10.10.2.0 - (1582446): instance a816c00e-015a-7e86-99d3-000040c0b430 
on database directory /home/maxence/AlbaSim/Wegas/wegas-app/src/main/setup/JRFile/version/db with class loader sun.misc.Launcher$AppClassLoader@135fbaa4 
Loaded from file:/home/maxence/.m2/repository/fish/payara/extras/payara-micro/4.1.1.164/payara-micro-4.1.1.164.jar
java.vendor=Oracle Corporation
java.runtime.version=1.8.0_121-8u121-b13-0ubuntu1.16.04.2-b13
user.dir=/home/maxence/AlbaSim/Wegas/wegas-runtime
os.name=Linux
os.arch=amd64
os.version=4.4.0-64-lowlatency
derby.system.home=null
Database Class Loader started - derby.database.classpath=''
----------------------------------------------------------------
Mon Feb 27 08:44:07 CET 2017:
Booting Derby version The Apache Software Foundation - Apache Derby - 10.10.2.0 - (1582446): instance 888c4022-015a-7e86-99d3-000040c0b430 
on database directory /home/maxence/AlbaSim/Wegas/wegas-app/src/main/setup/JRFile/workspaces/default/db with class loader sun.misc.Launcher$AppClassLoader@135fbaa4 
Loaded from file:/home/maxence/.m2/repository/fish/payara/extras/payara-micro/4.1.1.164/payara-micro-4.1.1.164.jar
java.vendor=Oracle Corporation
java.runtime.version=1.8.0_121-8u121-b13-0ubuntu1.16.04.2-b13
user.dir=/home/maxence/AlbaSim/Wegas/wegas-runtime
os.name=Linux
os.arch=amd64
os.version=4.4.0-64-lowlatency
derby.system.home=null
Database Class Loader started - derby.database.classpath=''
----------------------------------------------------------------
Mon Feb 27 08:44:08 CET 2017:
Booting Derby version The Apache Software Foundation - Apache Derby - 10.10.2.0 - (1582446): instance 6965c036-015a-7e86-99d3-000040c0b430 
on database directory /home/maxence/AlbaSim/Wegas/wegas-app/src/main/setup/JRFile/workspaces/security/db with class loader sun.misc.Launcher$AppClassLoader@135fbaa4 
Loaded from file:/home/maxence/.m2/repository/fish/payara/extras/payara-micro/4.1.1.164/payara-micro-4.1.1.164.jar
java.vendor=Oracle Corporation
java.runtime.version=1.8.0_121-8u121-b13-0ubuntu1.16.04.2-b13
user.dir=/home/maxence/AlbaSim/Wegas/wegas-runtime
os.name=Linux
os.arch=amd64
os.version=4.4.0-64-lowlatency
derby.system.home=null
Database Class Loader started - derby.database.classpath=''
----------------------------------------------------------------
Mon Feb 27 08:44:08 CET 2017:
Booting Derby version The Apache Software Foundation - Apache Derby - 10.10.2.0 - (1582446): instance 4aa3404a-015a-7e86-99d3-000040c0b430 
on database directory /home/maxence/AlbaSim/Wegas/wegas-app/src/main/setup/JRFile/workspaces/Pages/db with class loader sun.misc.Launcher$AppClassLoader@135fbaa4 
Loaded from file:/home/maxence/.m2/repository/fish/payara/extras/payara-micro/4.1.1.164/payara-micro-4.1.1.164.jar
java.vendor=Oracle Corporation
java.runtime.version=1.8.0_121-8u121-b13-0ubuntu1.16.04.2-b13
user.dir=/home/maxence/AlbaSim/Wegas/wegas-runtime
os.name=Linux
os.arch=amd64
os.version=4.4.0-64-lowlatency
derby.system.home=null
Database Class Loader started - derby.database.classpath=''
----------------------------------------------------------------
Mon Feb 27 08:44:08 CET 2017:
Shutting down instance 6965c036-015a-7e86-99d3-000040c0b430 on database directory /home/maxence/AlbaSim/Wegas/wegas-app/src/main/setup/JRFile/workspaces/security/db with class loader sun.misc.Launcher$AppClassLoader@135fbaa4 
----------------------------------------------------------------
Mon Feb 27 08:44:08 CET 2017:
Shutting down instance 888c4022-015a-7e86-99d3-000040c0b430 on database directory /home/maxence/AlbaSim/Wegas/wegas-app/src/main/setup/JRFile/workspaces/default/db with class loader sun.misc.Launcher$AppClassLoader@135fbaa4 
----------------------------------------------------------------
Mon Feb 27 08:44:08 CET 2017:
Shutting down instance 4aa3404a-015a-7e86-99d3-000040c0b430 on database directory /home/maxence/AlbaSim/Wegas/wegas-app/src/main/setup/JRFile/workspaces/Pages/db with class loader sun.misc.Launcher$AppClassLoader@135fbaa4 
----------------------------------------------------------------
Mon Feb 27 08:44:08 CET 2017:
Shutting down instance a816c00e-015a-7e86-99d3-000040c0b430 on database directory /home/maxence/AlbaSim/Wegas/wegas-app/src/main/setup/JRFile/version/db with class loader sun.misc.Launcher$AppClassLoader@135fbaa4 
----------------------------------------------------------------
Mon Feb 27 08:44:12 CET 2017:
Booting Derby version The Apache Software Foundation - Apache Derby - 10.10.2.0 - (1582446): instance 2c44c05e-015a-7e86-99d3-000040c0b430 
on database directory /home/maxence/AlbaSim/Wegas/wegas-app/src/main/setup/JRFile/version/db with class loader sun.misc.Launcher$AppClassLoader@135fbaa4 
Loaded from file:/home/maxence/.m2/repository/fish/payara/extras/payara-micro/4.1.1.164/payara-micro-4.1.1.164.jar
java.vendor=Oracle Corporation
java.runtime.version=1.8.0_121-8u121-b13-0ubuntu1.16.04.2-b13
user.dir=/home/maxence/AlbaSim/Wegas/wegas-runtime
os.name=Linux
os.arch=amd64
os.version=4.4.0-64-lowlatency
derby.system.home=null
Database Class Loader started - derby.database.classpath=''
